<?xml version="1.0" encoding="UTF-8"?>
<!-- Generated by org.testng.reporters.JUnitReportReporter -->
<testsuite hostname="ICPL12785" name="com.icpl.infostretch.MultiBrowser" tests="1" failures="0" timestamp="31 Jan 2018 04:55:05 GMT" time="0.405" errors="0">
  <testcase name="flipkartlogin" time="0.405" classname="com.icpl.infostretch.MultiBrowser"/>
</testsuite> <!-- com.icpl.infostretch.MultiBrowser -->
