<?xml version="1.0" encoding="UTF-8"?>
<!-- Generated by org.testng.reporters.JUnitReportReporter -->
<testsuite hostname="ICPL12785" name="com.icpl.infostretch.TestFlipkart" tests="1" failures="0" timestamp="4 Apr 2018 10:28:09 GMT" time="0.607" errors="0">
  <testcase name="flipkartlogin" time="0.607" classname="com.icpl.infostretch.TestFlipkart"/>
</testsuite> <!-- com.icpl.infostretch.TestFlipkart -->
